<?xml version="1.0" encoding="UTF-8"?>
<!-- Generated by org.testng.reporters.JUnitReportReporter -->
<testsuite hostname="DESKTOP-HCFFR5C" name="seleniumWebdriverMidCommands.BrforeTesAndAfterTest" tests="1" failures="0" timestamp="31 May 2018 20:20:47 GMT" time="0.013" errors="0">
  <testcase name="verifyHomepageTitle" time="0.013" classname="seleniumWebdriverMidCommands.BrforeTesAndAfterTest"/>
</testsuite> <!-- seleniumWebdriverMidCommands.BrforeTesAndAfterTest -->
