<?xml version="1.0" encoding="UTF-8"?>
<!-- Generated by org.testng.reporters.JUnitReportReporter -->
<testsuite hostname="DESKTOP-HCFFR5C" name="seleniumWebdriverMidCommands.LoginLogOutTest" tests="4" failures="0" timestamp="31 May 2018 20:40:58 GMT" time="69.103" errors="0">
  <testcase name="LoginLogOutTest2" time="14.974" classname="seleniumWebdriverMidCommands.LoginLogOutTest"/>
  <testcase name="LoginLogOutTest1" time="26.066" classname="seleniumWebdriverMidCommands.LoginLogOutTest"/>
  <testcase name="LoginLogOutTest3" time="14.999" classname="seleniumWebdriverMidCommands.LoginLogOutTest"/>
  <testcase name="LoginLogOutTest4" time="13.064" classname="seleniumWebdriverMidCommands.LoginLogOutTest"/>
</testsuite> <!-- seleniumWebdriverMidCommands.LoginLogOutTest -->
