<?xml version="1.0" encoding="UTF-8"?>
<!-- Generated by org.testng.reporters.JUnitReportReporter -->
<testsuite hostname="DESKTOP-HCFFR5C" name="seleniumWebDriverBasicCommands.GetAttributeValues" tests="5" failures="0" timestamp="3 Nov 2019 17:39:01 GMT" time="0.461" errors="0">
  <testcase name="getAttribute_class" time="0.015" classname="seleniumWebDriverBasicCommands.GetAttributeValues"/>
  <testcase name="getAttribute_InvalidAttribute" time="0.014" classname="seleniumWebDriverBasicCommands.GetAttributeValues"/>
  <testcase name="getAttribute_ButtonName" time="0.024" classname="seleniumWebDriverBasicCommands.GetAttributeValues"/>
  <testcase name="getAttribute_Id" time="0.020" classname="seleniumWebDriverBasicCommands.GetAttributeValues"/>
  <testcase name="getAttribute_ButtonLabel" time="0.388" classname="seleniumWebDriverBasicCommands.GetAttributeValues"/>
</testsuite> <!-- seleniumWebDriverBasicCommands.GetAttributeValues -->
