<?xml version="1.0" encoding="UTF-8"?>
<!-- Generated by org.testng.reporters.JUnitReportReporter -->
<testsuite hostname="DESKTOP-HCFFR5C" name="SeleniumWebDriverAdvanced2.downloadAndSaveImageUsingSeleniumWebDriverAndActionsAndRobot" tests="1" failures="0" timestamp="5 Nov 2019 17:45:15 GMT" time="3.248" errors="0">
  <testcase name="Save_Image" time="3.248" classname="SeleniumWebDriverAdvanced2.downloadAndSaveImageUsingSeleniumWebDriverAndActionsAndRobot"/>
</testsuite> <!-- SeleniumWebDriverAdvanced2.downloadAndSaveImageUsingSeleniumWebDriverAndActionsAndRobot -->
