<?xml version="1.0" encoding="UTF-8"?>
<!-- Generated by org.testng.reporters.JUnitReportReporter -->
<testsuite hostname="DESKTOP-HCFFR5C" name="seleniumWebDriverBasicCommands.getValueFromCalculaterTextBox" tests="2" failures="0" timestamp="4 Nov 2019 00:50:33 GMT" time="2.321" errors="0">
  <testcase name="testCaseOne_Test_One" time="1.255" classname="seleniumWebDriverBasicCommands.getValueFromCalculaterTextBox"/>
  <testcase name="testCaseTwo_Test_One" time="1.066" classname="seleniumWebDriverBasicCommands.getValueFromCalculaterTextBox"/>
</testsuite> <!-- seleniumWebDriverBasicCommands.getValueFromCalculaterTextBox -->
