<?xml version="1.0" encoding="UTF-8"?>
<!-- Generated by org.testng.reporters.JUnitReportReporter -->
<testsuite hostname="DESKTOP-HCFFR5C" name="seleniumWebdriverAdvancedCommands.AccountLoginLogout" tests="1" failures="0" timestamp="13 Jan 2020 00:20:00 GMT" time="16.931" errors="0">
  <testcase name="test1" time="16.931" classname="seleniumWebdriverAdvancedCommands.AccountLoginLogout"/>
</testsuite> <!-- seleniumWebdriverAdvancedCommands.AccountLoginLogout -->
