<?xml version="1.0" encoding="UTF-8"?>
<!-- Generated by org.testng.reporters.JUnitReportReporter -->
<testsuite hostname="DESKTOP-HCFFR5C" name="seleniumWebDriverBasicCommands.getValueFromCalculaterTextBox_One" tests="2" failures="0" timestamp="4 Nov 2019 01:50:43 GMT" time="2.138" errors="0">
  <testcase name="testCaseOne_Test_One" time="1.081" classname="seleniumWebDriverBasicCommands.getValueFromCalculaterTextBox_One"/>
  <testcase name="testCaseTwo_Test_One" time="1.057" classname="seleniumWebDriverBasicCommands.getValueFromCalculaterTextBox_One"/>
</testsuite> <!-- seleniumWebDriverBasicCommands.getValueFromCalculaterTextBox_One -->
