<?xml version="1.0" encoding="UTF-8"?>
<!-- Generated by org.testng.reporters.JUnitReportReporter -->
<testsuite hostname="DESKTOP-HCFFR5C" name="SeleniumWebDriverAdvanced2.ToHandleWorkingWithIFrame" tests="1" failures="0" timestamp="23 Dec 2019 20:53:45 GMT" time="0.674" errors="0">
  <testcase name="handleFrames" time="0.674" classname="SeleniumWebDriverAdvanced2.ToHandleWorkingWithIFrame"/>
</testsuite> <!-- SeleniumWebDriverAdvanced2.ToHandleWorkingWithIFrame -->
