<?xml version="1.0" encoding="UTF-8"?>
<!-- Generated by org.testng.reporters.JUnitReportReporter -->
<testsuite hostname="DESKTOP-HCFFR5C" name="seleniumWebdriverMidCommands.Newtours" tests="1" failures="0" timestamp="26 May 2018 16:17:19 GMT" time="5.255" errors="0">
  <testcase name="testUntitledTestCase" time="5.255" classname="seleniumWebdriverMidCommands.Newtours"/>
</testsuite> <!-- seleniumWebdriverMidCommands.Newtours -->
