<?xml version="1.0" encoding="UTF-8"?>
<!-- Generated by org.testng.reporters.JUnitReportReporter -->
<testsuite hostname="DESKTOP-HCFFR5C" name="SeleniumWebDriverAdvanced2.HandlingMultipleBrowserWindows" tests="1" failures="0" timestamp="4 May 2020 23:22:46 GMT" time="23.278" errors="0">
  <testcase name="test" time="23.278" classname="SeleniumWebDriverAdvanced2.HandlingMultipleBrowserWindows"/>
</testsuite> <!-- SeleniumWebDriverAdvanced2.HandlingMultipleBrowserWindows -->
