<?xml version="1.0" encoding="UTF-8"?>
<!-- Generated by org.testng.reporters.JUnitReportReporter -->
<testsuite hostname="DESKTOP-HCFFR5C" name="Objectivewellness.emailSubscriptionForOffers" tests="1" failures="0" timestamp="13 Jan 2020 00:50:26 GMT" time="0.786" errors="0">
  <testcase name="newEmailSubscription" time="0.786" classname="Objectivewellness.emailSubscriptionForOffers"/>
</testsuite> <!-- Objectivewellness.emailSubscriptionForOffers -->
