<?xml version="1.0" encoding="UTF-8"?>
<!-- Generated by org.testng.reporters.JUnitReportReporter -->
<testsuite hostname="DESKTOP-HCFFR5C" name="SeleniumWebDriverAdvanced2.toSetAndGetWindowPositionAndSize" tests="2" failures="0" timestamp="23 Dec 2019 21:39:47 GMT" time="0.387" errors="0">
  <testcase name="setGetWinSize" time="0.259" classname="SeleniumWebDriverAdvanced2.toSetAndGetWindowPositionAndSize"/>
  <testcase name="setGetWinPosition" time="0.128" classname="SeleniumWebDriverAdvanced2.toSetAndGetWindowPositionAndSize"/>
</testsuite> <!-- SeleniumWebDriverAdvanced2.toSetAndGetWindowPositionAndSize -->
