<?xml version="1.0" encoding="UTF-8"?>
<!-- Generated by org.testng.reporters.JUnitReportReporter -->
<testsuite hostname="DESKTOP-HCFFR5C" name="seleniumWebdriverMidCommands.submitForm" tests="1" failures="0" timestamp="3 Nov 2019 17:20:45 GMT" time="0.421" errors="0">
  <testcase name="LogIn_Test" time="0.421" classname="seleniumWebdriverMidCommands.submitForm"/>
</testsuite> <!-- seleniumWebdriverMidCommands.submitForm -->
