<?xml version="1.0" encoding="UTF-8"?>
<!-- Generated by org.testng.reporters.JUnitReportReporter -->
<testsuite hostname="DESKTOP-HCFFR5C" name="seleniumWebdriverAdvancedCommands.AccountLogin" tests="1" failures="0" timestamp="13 Jan 2020 00:26:55 GMT" time="1.560" errors="0">
  <testcase name="test1" time="1.560" classname="seleniumWebdriverAdvancedCommands.AccountLogin"/>
</testsuite> <!-- seleniumWebdriverAdvancedCommands.AccountLogin -->
