<?xml version="1.0" encoding="UTF-8"?>
<!-- Generated by org.testng.reporters.JUnitReportReporter -->
<testsuite hostname="DESKTOP-HCFFR5C" name="seleniumWebDriverBasicCommands.getValueFromCalculaterTextBox_Two" tests="2" failures="0" timestamp="4 Nov 2019 01:50:43 GMT" time="2.155" errors="0">
  <testcase name="testCaseTwo_Test_Two" time="1.075" classname="seleniumWebDriverBasicCommands.getValueFromCalculaterTextBox_Two"/>
  <testcase name="testCaseOne_Test_Two" time="1.080" classname="seleniumWebDriverBasicCommands.getValueFromCalculaterTextBox_Two"/>
</testsuite> <!-- seleniumWebDriverBasicCommands.getValueFromCalculaterTextBox_Two -->
