<?xml version="1.0" encoding="UTF-8"?>
<!-- Generated by org.testng.reporters.JUnitReportReporter -->
<testsuite hostname="DESKTOP-HCFFR5C" name="seleniumWebdriverMidCommands.BeforeMethodAndAfterMethod" tests="2" failures="0" timestamp="31 May 2018 20:42:25 GMT" time="16.993" errors="0">
  <testcase name="support" time="8.980" classname="seleniumWebdriverMidCommands.BeforeMethodAndAfterMethod"/>
  <testcase name="register" time="8.013" classname="seleniumWebdriverMidCommands.BeforeMethodAndAfterMethod"/>
</testsuite> <!-- seleniumWebdriverMidCommands.BeforeMethodAndAfterMethod -->
