<?xml version="1.0" encoding="UTF-8"?>
<!-- Generated by org.testng.reporters.JUnitReportReporter -->
<testsuite hostname="DESKTOP-HCFFR5C" name="SeleniumWebDriverAdvanced2.scrollDownUpWebPage" tests="1" failures="0" timestamp="6 Nov 2019 03:26:12 GMT" time="9.144" errors="0">
  <testcase name="Scroll_Page" time="9.144" classname="SeleniumWebDriverAdvanced2.scrollDownUpWebPage"/>
</testsuite> <!-- SeleniumWebDriverAdvanced2.scrollDownUpWebPage -->
