<?xml version="1.0" encoding="UTF-8"?>
<!-- Generated by org.testng.reporters.JUnitReportReporter -->
<testsuite hostname="DESKTOP-HCFFR5C" name="seleniumWebdriverAdvancedCommands.DragAndDrop" tests="1" failures="0" timestamp="5 Nov 2019 02:03:49 GMT" time="15.507" errors="0">
  <testcase name="dragAndDrop" time="15.507" classname="seleniumWebdriverAdvancedCommands.DragAndDrop"/>
</testsuite> <!-- seleniumWebdriverAdvancedCommands.DragAndDrop -->
