<?xml version="1.0" encoding="UTF-8"?>
<!-- Generated by org.testng.reporters.JUnitReportReporter -->
<testsuite hostname="DESKTOP-HCFFR5C" name="seleniumWebdriverMidCommands.FirstTestNG" tests="1" failures="0" timestamp="30 May 2018 17:27:19 GMT" time="0.014" errors="0">
  <testcase name="verifyHomepageTitle" time="0.014" classname="seleniumWebdriverMidCommands.FirstTestNG"/>
</testsuite> <!-- seleniumWebdriverMidCommands.FirstTestNG -->
