<?xml version="1.0" encoding="UTF-8"?>
<!-- Generated by org.testng.reporters.JUnitReportReporter -->
<testsuite hostname="DESKTOP-HCFFR5C" name="SeleniumWebDriverAdvanced2.TackScreenShoot2" tests="1" failures="0" timestamp="4 May 2020 22:47:52 GMT" time="1.349" errors="0">
  <testcase name="test" time="1.349" classname="SeleniumWebDriverAdvanced2.TackScreenShoot2"/>
</testsuite> <!-- SeleniumWebDriverAdvanced2.TackScreenShoot2 -->
